
Gurobi 8.1.1 (win64) logging started 05/24/20 21:27:23

Academic license - for non-commercial use only
Optimize a model with 138 rows, 480 columns and 604 nonzeros
Coefficient statistics:
  Matrix range     [1e-02, 1e+04]
  Objective range  [1e+00, 1e+00]
  Bounds range     [5e+01, 7e+01]
  RHS range        [8e-03, 1e+04]
Coefficient statistics:
  Matrix range     [1e-02, 1e+04]
  Objective range  [1e+00, 1e+00]
  Bounds range     [5e+01, 7e+01]
  RHS range        [8e-03, 1e+04]
Presolve removed 42 rows and 415 columns
Presolve time: 0.01s

Solved in 0 iterations and 0.01 seconds
Infeasible model
Iteration    Objective       Primal Inf.    Dual Inf.      Time
       0    0.0000000e+00   3.223409e+01   0.000000e+00      0s

IIS computed: 5 constraints and 5 bounds
IIS runtime: 0.01 seconds
IIS runtime: 0.01 seconds

Gurobi 8.1.1 (win64) logging started 05/24/20 21:27:24

Academic license - for non-commercial use only
Optimize a model with 276 rows, 560 columns and 1230 nonzeros
Coefficient statistics:
  Matrix range     [1e-02, 1e+04]
  Objective range  [1e+00, 1e+00]
  Bounds range     [5e+01, 7e+01]
  RHS range        [8e-03, 1e+04]
Presolve removed 77 rows and 425 columns
Presolve time: 0.00s

Solved in 0 iterations and 0.00 seconds
Infeasible model
Iteration    Objective       Primal Inf.    Dual Inf.      Time
       0    0.0000000e+00   5.156499e+01   0.000000e+00      0s

IIS computed: 4 constraints and 3 bounds
IIS runtime: 0.00 seconds

Gurobi 8.1.1 (win64) logging started 05/24/20 21:27:24

Academic license - for non-commercial use only

Gurobi 8.1.1 (win64) logging started 05/24/20 21:27:24

Academic license - for non-commercial use only
Optimize a model with 425 rows, 560 columns and 1953 nonzeros
Coefficient statistics:
  Matrix range     [1e-02, 1e+04]
  Objective range  [1e+00, 1e+00]
  Bounds range     [5e+01, 7e+01]
  RHS range        [8e-03, 1e+04]
Presolve removed 107 rows and 345 columns
Presolve time: 0.00s

Solved in 0 iterations and 0.00 seconds
Infeasible model
Iteration    Objective       Primal Inf.    Dual Inf.      Time
       0    0.0000000e+00   6.110717e+01   0.000000e+00      0s

IIS computed: 7 constraints and 3 bounds
IIS runtime: 0.00 seconds
Optimize a model with 446 rows, 560 columns and 2047 nonzeros
Coefficient statistics:
  Matrix range     [1e-02, 1e+04]
  Objective range  [1e+00, 1e+00]
  Bounds range     [5e+01, 7e+01]
  RHS range        [8e-03, 1e+04]
Presolve removed 182 rows and 355 columns
Presolve time: 0.01s
Presolved: 264 rows, 207 columns, 1531 nonzeros

Iteration    Objective       Primal Inf.    Dual Inf.      Time
       0    0.0000000e+00   8.412630e+01   0.000000e+00      0s
      89    0.0000000e+00   0.000000e+00   0.000000e+00      0s

Solved in 89 iterations and 0.02 seconds
Optimal objective  0.000000000e+00

Gurobi 8.1.1 (win64) logging started 05/24/20 21:27:24

Academic license - for non-commercial use only
Optimize a model with 415 rows, 560 columns and 1827 nonzeros
Coefficient statistics:
  Matrix range     [1e-02, 1e+04]
  Objective range  [1e+00, 1e+00]
  Bounds range     [5e+01, 7e+01]
  RHS range        [8e-03, 1e+04]
Presolve removed 42 rows and 279 columns
Presolve time: 0.00s

Solved in 0 iterations and 0.00 seconds
Infeasible model
Iteration    Objective       Primal Inf.    Dual Inf.      Time
       0    0.0000000e+00   6.050594e+01   0.000000e+00      0s

IIS computed: 3 constraints and 3 bounds
IIS runtime: 0.00 seconds

Gurobi 8.1.1 (win64) logging started 05/24/20 21:27:24

Academic license - for non-commercial use only
Optimize a model with 353 rows, 560 columns and 1437 nonzeros
Coefficient statistics:
  Matrix range     [1e-02, 1e+04]
  Objective range  [1e+00, 1e+00]
  Bounds range     [5e+01, 7e+01]
  RHS range        [8e-03, 1e+04]
Presolve removed 47 rows and 333 columns
Presolve time: 0.00s

Solved in 0 iterations and 0.00 seconds
Infeasible model
Iteration    Objective       Primal Inf.    Dual Inf.      Time
       0    0.0000000e+00   6.598464e+01   0.000000e+00      0s

IIS computed: 4 constraints and 3 bounds
IIS runtime: 0.00 seconds

Gurobi 8.1.1 (win64) logging started 05/24/20 21:27:24

Academic license - for non-commercial use only
Optimize a model with 298 rows, 560 columns and 1136 nonzeros
Coefficient statistics:
  Matrix range     [1e-02, 1e+04]
  Objective range  [1e+00, 1e+00]
  Bounds range     [5e+01, 7e+01]
  RHS range        [8e-03, 1e+04]
Presolve removed 38 rows and 365 columns
Presolve time: 0.00s

Solved in 0 iterations and 0.00 seconds
Infeasible model
Iteration    Objective       Primal Inf.    Dual Inf.      Time
       0    0.0000000e+00   6.966857e+01   0.000000e+00      0s

IIS computed: 3 constraints and 3 bounds
IIS runtime: 0.00 seconds

Gurobi 8.1.1 (win64) logging started 05/24/20 21:27:24

Academic license - for non-commercial use only
Optimize a model with 225 rows, 560 columns and 778 nonzeros
Coefficient statistics:
  Matrix range     [1e-02, 1e+04]
  Objective range  [1e+00, 1e+00]
  Bounds range     [5e+01, 7e+01]
  RHS range        [1e-02, 1e+04]
Presolve removed 42 rows and 429 columns
Presolve time: 0.00s

Solved in 0 iterations and 0.00 seconds
Infeasible model
Iteration    Objective       Primal Inf.    Dual Inf.      Time
       0    0.0000000e+00   8.461061e+01   0.000000e+00      0s

IIS computed: 3 constraints and 3 bounds
IIS runtime: 0.00 seconds

Gurobi 8.1.1 (win64) logging started 05/24/20 21:27:24

Academic license - for non-commercial use only
Optimize a model with 170 rows, 560 columns and 543 nonzeros
Coefficient statistics:
  Matrix range     [1e-02, 1e+04]
  Objective range  [1e+00, 1e+00]
  Bounds range     [5e+01, 7e+01]
  RHS range        [1e-02, 1e+04]
Presolve removed 34 rows and 461 columns
Presolve time: 0.00s

Solved in 0 iterations and 0.00 seconds
Infeasible model
Iteration    Objective       Primal Inf.    Dual Inf.      Time
       0    0.0000000e+00   7.596069e+01   0.000000e+00      0s

IIS computed: 3 constraints and 3 bounds
IIS runtime: 0.00 seconds

Gurobi 8.1.1 (win64) logging started 05/24/20 21:27:24

Academic license - for non-commercial use only
Optimize a model with 159 rows, 560 columns and 504 nonzeros
Coefficient statistics:
  Matrix range     [2e-01, 1e+04]
  Objective range  [1e+00, 1e+00]
  Bounds range     [5e+01, 7e+01]
  RHS range        [1e-02, 1e+04]
Presolve removed 98 rows and 515 columns
Presolve time: 0.00s
Presolved: 61 rows, 50 columns, 256 nonzeros

Iteration    Objective       Primal Inf.    Dual Inf.      Time
       0    0.0000000e+00   8.251432e+01   0.000000e+00      0s
      16    0.0000000e+00   0.000000e+00   0.000000e+00      0s

Solved in 16 iterations and 0.00 seconds
Optimal objective  0.000000000e+00

Gurobi 8.1.1 (win64) logging started 05/24/20 21:27:24

Academic license - for non-commercial use only
Optimize a model with 75 rows, 560 columns and 204 nonzeros
Coefficient statistics:
  Matrix range     [2e-01, 1e+04]
  Objective range  [1e+00, 1e+00]
  Bounds range     [5e+01, 7e+01]
  RHS range        [1e-02, 1e+04]
Presolve removed 40 rows and 536 columns
Presolve time: 0.00s

Solved in 0 iterations and 0.00 seconds
Infeasible model
Iteration    Objective       Primal Inf.    Dual Inf.      Time
       0    0.0000000e+00   2.093823e+01   0.000000e+00      0s

IIS computed: 3 constraints and 3 bounds
IIS runtime: 0.00 seconds

Gurobi 8.1.1 (win64) logging started 05/24/20 21:27:24

Academic license - for non-commercial use only
Optimize a model with 179 rows, 560 columns and 796 nonzeros
Coefficient statistics:
  Matrix range     [1e-02, 1e+04]
  Objective range  [1e+00, 1e+00]
  Bounds range     [5e+01, 7e+01]
  RHS range        [8e-03, 1e+04]
Presolve removed 57 rows and 480 columns
Presolve time: 0.00s

Solved in 0 iterations and 0.00 seconds
Infeasible model
Iteration    Objective       Primal Inf.    Dual Inf.      Time
       0    0.0000000e+00   4.822711e+01   0.000000e+00      0s

IIS computed: 5 constraints and 3 bounds
IIS runtime: 0.00 seconds

Gurobi 8.1.1 (win64) logging started 05/24/20 21:27:24

Academic license - for non-commercial use only
Optimize a model with 162 rows, 560 columns and 752 nonzeros
Coefficient statistics:
  Matrix range     [1e-02, 1e+04]
  Objective range  [1e+00, 1e+00]
  Bounds range     [5e+01, 7e+01]
  RHS range        [8e-03, 1e+04]
Presolve removed 48 rows and 485 columns
Presolve time: 0.00s

Solved in 0 iterations and 0.00 seconds
Infeasible model
Iteration    Objective       Primal Inf.    Dual Inf.      Time
       0    0.0000000e+00   5.161990e+01   0.000000e+00      0s

IIS computed: 4 constraints and 3 bounds
IIS runtime: 0.00 seconds

Gurobi 8.1.1 (win64) logging started 05/24/20 21:27:24

Academic license - for non-commercial use only
Optimize a model with 297 rows, 560 columns and 1411 nonzeros
Coefficient statistics:
  Matrix range     [1e-02, 1e+04]
  Objective range  [1e+00, 1e+00]
  Bounds range     [5e+01, 7e+01]
  RHS range        [8e-03, 1e+04]
Presolve removed 75 rows and 412 columns
Presolve time: 0.00s

Solved in 0 iterations and 0.00 seconds
Infeasible model
Iteration    Objective       Primal Inf.    Dual Inf.      Time
       0    0.0000000e+00   8.065739e+01   0.000000e+00      0s

IIS computed: 4 constraints and 3 bounds
IIS runtime: 0.00 seconds

Gurobi 8.1.1 (win64) logging started 05/24/20 21:27:24

Academic license - for non-commercial use only
Optimize a model with 359 rows, 560 columns and 1651 nonzeros
Coefficient statistics:
  Matrix range     [1e-02, 1e+04]
  Objective range  [1e+00, 1e+00]
  Bounds range     [5e+01, 7e+01]
  RHS range        [8e-03, 1e+04]
Presolve removed 96 rows and 385 columns
Presolve time: 0.00s

Solved in 0 iterations and 0.00 seconds
Infeasible model
Iteration    Objective       Primal Inf.    Dual Inf.      Time
       0    0.0000000e+00   1.199387e+02   0.000000e+00      0s

IIS computed: 6 constraints and 3 bounds
IIS runtime: 0.00 seconds

Gurobi 8.1.1 (win64) logging started 05/24/20 21:27:24

Academic license - for non-commercial use only
Optimize a model with 430 rows, 560 columns and 1987 nonzeros
Coefficient statistics:
  Matrix range     [1e-02, 1e+04]
  Objective range  [1e+00, 1e+00]
  Bounds range     [5e+01, 7e+01]
  RHS range        [8e-03, 1e+04]
Presolve removed 118 rows and 353 columns
Presolve time: 0.00s

Solved in 0 iterations and 0.00 seconds
Infeasible model
Iteration    Objective       Primal Inf.    Dual Inf.      Time
       0    0.0000000e+00   1.512827e+02   0.000000e+00      0s

IIS computed: 6 constraints and 3 bounds
IIS runtime: 0.00 seconds

Gurobi 8.1.1 (win64) logging started 05/24/20 21:28:09

Academic license - for non-commercial use only
Optimize a model with 160 rows, 320 columns and 745 nonzeros
Coefficient statistics:
  Matrix range     [1e-02, 1e+04]
  Objective range  [1e+00, 1e+00]
  Bounds range     [5e+01, 7e+01]
  RHS range        [8e-03, 1e+04]
Presolve removed 44 rows and 243 columns
Presolve time: 0.00s

Solved in 0 iterations and 0.00 seconds
Infeasible model
Iteration    Objective       Primal Inf.    Dual Inf.      Time
       0    0.0000000e+00   3.185950e+01   0.000000e+00      0s

IIS computed: 5 constraints and 5 bounds
IIS runtime: 0.00 seconds

Gurobi 8.1.1 (win64) logging started 05/24/20 21:28:09

Academic license - for non-commercial use only
Optimize a model with 138 rows, 400 columns and 604 nonzeros
Coefficient statistics:
  Matrix range     [1e-02, 1e+04]
  Objective range  [1e+00, 1e+00]
  Bounds range     [5e+01, 7e+01]
  RHS range        [8e-03, 1e+04]
Presolve removed 42 rows and 335 columns
Presolve time: 0.00s

Solved in 0 iterations and 0.00 seconds
Infeasible model
Iteration    Objective       Primal Inf.    Dual Inf.      Time
       0    0.0000000e+00   3.182844e+01   0.000000e+00      0s

IIS computed: 5 constraints and 5 bounds
IIS runtime: 0.00 seconds

Gurobi 8.1.1 (win64) logging started 05/24/20 21:28:09

Academic license - for non-commercial use only
Optimize a model with 276 rows, 560 columns and 1230 nonzeros
Coefficient statistics:
  Matrix range     [1e-02, 1e+04]
  Objective range  [1e+00, 1e+00]
  Bounds range     [5e+01, 7e+01]
  RHS range        [8e-03, 1e+04]
Presolve removed 77 rows and 425 columns
Presolve time: 0.00s

Solved in 0 iterations and 0.00 seconds
Infeasible model
Iteration    Objective       Primal Inf.    Dual Inf.      Time
       0    0.0000000e+00   5.165634e+01   0.000000e+00      0s

IIS computed: 4 constraints and 3 bounds
IIS runtime: 0.00 seconds

Gurobi 8.1.1 (win64) logging started 05/24/20 21:28:09

Academic license - for non-commercial use only
Optimize a model with 414 rows, 560 columns and 1896 nonzeros
Coefficient statistics:
  Matrix range     [1e-02, 1e+04]
  Objective range  [1e+00, 1e+00]
  Bounds range     [5e+01, 7e+01]
  RHS range        [8e-03, 1e+04]
Presolve removed 104 rows and 351 columns
Presolve time: 0.00s

Solved in 0 iterations and 0.00 seconds
Infeasible model
Iteration    Objective       Primal Inf.    Dual Inf.      Time
       0    0.0000000e+00   5.202552e+01   0.000000e+00      0s

IIS computed: 8 constraints and 3 bounds
IIS runtime: 0.00 seconds

Gurobi 8.1.1 (win64) logging started 05/24/20 21:28:09

Academic license - for non-commercial use only
Optimize a model with 446 rows, 560 columns and 2047 nonzeros
Coefficient statistics:
  Matrix range     [1e-02, 1e+04]
  Objective range  [1e+00, 1e+00]
  Bounds range     [5e+01, 7e+01]
  RHS range        [8e-03, 1e+04]
Presolve removed 180 rows and 355 columns
Presolve time: 0.00s
Presolved: 266 rows, 207 columns, 1537 nonzeros

Iteration    Objective       Primal Inf.    Dual Inf.      Time
       0    0.0000000e+00   8.215184e+01   0.000000e+00      0s
      85    0.0000000e+00   0.000000e+00   0.000000e+00      0s

Solved in 85 iterations and 0.01 seconds
Optimal objective  0.000000000e+00

Gurobi 8.1.1 (win64) logging started 05/24/20 21:28:09

Academic license - for non-commercial use only
Optimize a model with 424 rows, 560 columns and 1908 nonzeros
Coefficient statistics:
  Matrix range     [1e-02, 1e+04]
  Objective range  [1e+00, 1e+00]
  Bounds range     [5e+01, 7e+01]
  RHS range        [8e-03, 1e+04]
Presolve removed 193 rows and 374 columns
Presolve time: 0.00s
Presolved: 231 rows, 186 columns, 1365 nonzeros

Iteration    Objective       Primal Inf.    Dual Inf.      Time
       0    0.0000000e+00   8.112203e+01   0.000000e+00      0s
      65    0.0000000e+00   0.000000e+00   0.000000e+00      0s

Solved in 65 iterations and 0.01 seconds
Optimal objective  0.000000000e+00

Gurobi 8.1.1 (win64) logging started 05/24/20 21:28:09

Academic license - for non-commercial use only
Optimize a model with 342 rows, 560 columns and 1382 nonzeros
Coefficient statistics:
  Matrix range     [1e-02, 1e+04]
  Objective range  [1e+00, 1e+00]
  Bounds range     [5e+01, 7e+01]
  RHS range        [8e-03, 1e+04]
Presolve removed 50 rows and 342 columns
Presolve time: 0.00s

Solved in 0 iterations and 0.00 seconds
Infeasible model
Iteration    Objective       Primal Inf.    Dual Inf.      Time
       0    0.0000000e+00   6.442550e+01   0.000000e+00      0s

IIS computed: 5 constraints and 3 bounds
IIS runtime: 0.00 seconds

Gurobi 8.1.1 (win64) logging started 05/24/20 21:28:09

Academic license - for non-commercial use only
Optimize a model with 287 rows, 560 columns and 1092 nonzeros
Coefficient statistics:
  Matrix range     [1e-02, 1e+04]
  Objective range  [1e+00, 1e+00]
  Bounds range     [5e+01, 7e+01]
  RHS range        [8e-03, 1e+04]
Presolve removed 39 rows and 373 columns
Presolve time: 0.00s

Solved in 0 iterations and 0.00 seconds
Infeasible model
Iteration    Objective       Primal Inf.    Dual Inf.      Time
       0    0.0000000e+00   5.435395e+01   0.000000e+00      0s

IIS computed: 3 constraints and 3 bounds
IIS runtime: 0.00 seconds

Gurobi 8.1.1 (win64) logging started 05/24/20 21:28:09

Academic license - for non-commercial use only
Optimize a model with 225 rows, 560 columns and 773 nonzeros
Coefficient statistics:
  Matrix range     [1e-02, 1e+04]
  Objective range  [1e+00, 1e+00]
  Bounds range     [5e+01, 7e+01]
  RHS range        [1e-02, 1e+04]
Presolve removed 47 rows and 430 columns
Presolve time: 0.00s

Solved in 0 iterations and 0.00 seconds
Infeasible model
Iteration    Objective       Primal Inf.    Dual Inf.      Time
       0    0.0000000e+00   6.688747e+01   0.000000e+00      0s

IIS computed: 4 constraints and 3 bounds
IIS runtime: 0.00 seconds

Gurobi 8.1.1 (win64) logging started 05/24/20 21:28:09

Academic license - for non-commercial use only
Optimize a model with 170 rows, 560 columns and 545 nonzeros
Coefficient statistics:
  Matrix range     [1e-02, 1e+04]
  Objective range  [1e+00, 1e+00]
  Bounds range     [5e+01, 7e+01]
  RHS range        [1e-02, 1e+04]
Presolve removed 34 rows and 461 columns
Presolve time: 0.00s

Solved in 0 iterations and 0.00 seconds
Infeasible model
Iteration    Objective       Primal Inf.    Dual Inf.      Time
       0    0.0000000e+00   6.753553e+01   0.000000e+00      0s

IIS computed: 3 constraints and 3 bounds
IIS runtime: 0.00 seconds

Gurobi 8.1.1 (win64) logging started 05/24/20 21:28:09

Academic license - for non-commercial use only
Optimize a model with 130 rows, 560 columns and 389 nonzeros
Coefficient statistics:
  Matrix range     [2e-01, 1e+04]
  Objective range  [1e+00, 1e+00]
  Bounds range     [5e+01, 7e+01]
  RHS range        [1e-02, 1e+04]
Presolve removed 49 rows and 508 columns
Presolve time: 0.00s

Solved in 0 iterations and 0.00 seconds
Infeasible model
Iteration    Objective       Primal Inf.    Dual Inf.      Time
       0    0.0000000e+00   6.036198e+01   0.000000e+00      0s

IIS computed: 8 constraints and 3 bounds
IIS runtime: 0.00 seconds

Gurobi 8.1.1 (win64) logging started 05/24/20 21:28:09

Academic license - for non-commercial use only
Optimize a model with 117 rows, 560 columns and 343 nonzeros
Coefficient statistics:
  Matrix range     [2e-01, 1e+04]
  Objective range  [1e+00, 1e+00]
  Bounds range     [5e+01, 7e+01]
  RHS range        [1e-02, 1e+04]
Presolve removed 46 rows and 514 columns
Presolve time: 0.00s

Solved in 0 iterations and 0.00 seconds
Infeasible model
Iteration    Objective       Primal Inf.    Dual Inf.      Time
       0    0.0000000e+00   5.265680e+01   0.000000e+00      0s

IIS computed: 8 constraints and 3 bounds
IIS runtime: 0.00 seconds

Gurobi 8.1.1 (win64) logging started 05/24/20 21:28:09

Academic license - for non-commercial use only
Optimize a model with 135 rows, 560 columns and 530 nonzeros
Coefficient statistics:
  Matrix range     [1e-02, 1e+04]
  Objective range  [1e+00, 1e+00]
  Bounds range     [5e+01, 7e+01]
  RHS range        [8e-03, 1e+04]
Presolve removed 37 rows and 484 columns
Presolve time: 0.00s

Solved in 0 iterations and 0.00 seconds
Infeasible model
Iteration    Objective       Primal Inf.    Dual Inf.      Time
       0    0.0000000e+00   2.206041e+01   0.000000e+00      0s

IIS computed: 3 constraints and 3 bounds
IIS runtime: 0.00 seconds

Gurobi 8.1.1 (win64) logging started 05/24/20 21:28:09

Academic license - for non-commercial use only
Optimize a model with 107 rows, 560 columns and 452 nonzeros
Coefficient statistics:
  Matrix range     [1e-02, 1e+04]
  Objective range  [1e+00, 1e+00]
  Bounds range     [5e+01, 7e+01]
  RHS range        [8e-03, 1e+04]
Presolve removed 42 rows and 516 columns
Presolve time: 0.00s

Solved in 0 iterations and 0.00 seconds
Infeasible model
Iteration    Objective       Primal Inf.    Dual Inf.      Time
       0    0.0000000e+00   1.901863e+01   0.000000e+00      0s

IIS computed: 5 constraints and 5 bounds
IIS runtime: 0.00 seconds

Gurobi 8.1.1 (win64) logging started 05/24/20 21:28:09

Academic license - for non-commercial use only
Optimize a model with 304 rows, 560 columns and 1376 nonzeros
Coefficient statistics:
  Matrix range     [1e-02, 1e+04]
  Objective range  [1e+00, 1e+00]
  Bounds range     [5e+01, 7e+01]
  RHS range        [8e-03, 1e+04]
Presolve removed 59 rows and 382 columns
Presolve time: 0.00s

Solved in 0 iterations and 0.00 seconds
Infeasible model
Iteration    Objective       Primal Inf.    Dual Inf.      Time
       0    0.0000000e+00   9.950281e+01   0.000000e+00      0s

IIS computed: 5 constraints and 5 bounds
IIS runtime: 0.00 seconds

Gurobi 8.1.1 (win64) logging started 05/24/20 21:28:09

Academic license - for non-commercial use only
Optimize a model with 372 rows, 560 columns and 1706 nonzeros
Coefficient statistics:
  Matrix range     [1e-02, 1e+04]
  Objective range  [1e+00, 1e+00]
  Bounds range     [5e+01, 7e+01]
  RHS range        [8e-03, 1e+04]
Presolve removed 76 rows and 350 columns
Presolve time: 0.00s

Solved in 0 iterations and 0.00 seconds
Infeasible model
Iteration    Objective       Primal Inf.    Dual Inf.      Time
       0    0.0000000e+00   1.961695e+02   0.000000e+00      0s

IIS computed: 5 constraints and 5 bounds
IIS runtime: 0.00 seconds

Gurobi 8.1.1 (win64) logging started 05/24/20 21:28:09

Academic license - for non-commercial use only
Optimize a model with 361 rows, 560 columns and 1612 nonzeros
Coefficient statistics:
  Matrix range     [1e-02, 1e+04]
  Objective range  [1e+00, 1e+00]
  Bounds range     [5e+01, 7e+01]
  RHS range        [8e-03, 1e+04]
Presolve removed 82 rows and 361 columns
Presolve time: 0.00s

Solved in 0 iterations and 0.00 seconds
Infeasible model
Iteration    Objective       Primal Inf.    Dual Inf.      Time
       0    0.0000000e+00   1.760816e+02   0.000000e+00      0s

IIS computed: 5 constraints and 5 bounds
IIS runtime: 0.00 seconds

Gurobi 8.1.1 (win64) logging started 05/24/20 21:28:39

Academic license - for non-commercial use only
Optimize a model with 160 rows, 400 columns and 745 nonzeros
Coefficient statistics:
  Matrix range     [1e-02, 1e+04]
  Objective range  [1e+00, 1e+00]
  Bounds range     [5e+01, 7e+01]
  RHS range        [8e-03, 1e+04]
Presolve removed 44 rows and 323 columns
Presolve time: 0.00s

Solved in 0 iterations and 0.00 seconds
Infeasible model
Iteration    Objective       Primal Inf.    Dual Inf.      Time
       0    0.0000000e+00   3.198387e+01   0.000000e+00      0s

IIS computed: 5 constraints and 5 bounds
IIS runtime: 0.00 seconds

Gurobi 8.1.1 (win64) logging started 05/24/20 21:28:39

Academic license - for non-commercial use only
Optimize a model with 138 rows, 400 columns and 604 nonzeros
Coefficient statistics:
  Matrix range     [1e-02, 1e+04]
  Objective range  [1e+00, 1e+00]
  Bounds range     [5e+01, 7e+01]
  RHS range        [8e-03, 1e+04]
Presolve removed 42 rows and 335 columns
Presolve time: 0.00s

Solved in 0 iterations and 0.00 seconds
Infeasible model
Iteration    Objective       Primal Inf.    Dual Inf.      Time
       0    0.0000000e+00   3.182844e+01   0.000000e+00      0s

IIS computed: 5 constraints and 5 bounds
IIS runtime: 0.00 seconds

Gurobi 8.1.1 (win64) logging started 05/24/20 21:28:40

Academic license - for non-commercial use only
Optimize a model with 276 rows, 560 columns and 1230 nonzeros
Coefficient statistics:
  Matrix range     [1e-02, 1e+04]
  Objective range  [1e+00, 1e+00]
  Bounds range     [5e+01, 7e+01]
  RHS range        [8e-03, 1e+04]
Presolve removed 77 rows and 425 columns
Presolve time: 0.00s

Solved in 0 iterations and 0.00 seconds
Infeasible model
Iteration    Objective       Primal Inf.    Dual Inf.      Time
       0    0.0000000e+00   4.732952e+01   0.000000e+00      0s

IIS computed: 7 constraints and 5 bounds
IIS runtime: 0.00 seconds

Gurobi 8.1.1 (win64) logging started 05/24/20 21:28:40

Academic license - for non-commercial use only

Gurobi 8.1.1 (win64) logging started 05/24/20 21:28:40

Optimize a model with 403 rows, 560 columns and 1847 nonzeros
Coefficient statistics:
  Matrix range     [1e-02, 1e+04]
  Objective range  [1e+00, 1e+00]
  Bounds range     [5e+01, 7e+01]
al use only
  RHS range        [8e-03, 1e+04]
Presolve removed 105 rows and 361 columns
Presolve time: 0.00s

Solved in 0 iterations and 0.00 seconds
Infeasible model
Iteration    Objective       Primal Inf.    Dual Inf.      Time
       0    0.0000000e+00   6.339531e+01   0.000000e+00      0s

IIS computed: 6 constraints and 3 bounds
IIS runtime: 0.00 seconds
Optimize a model with 457 rows, 560 columns and 2137 nonzeros
Coefficient statistics:
  Matrix range     [1e-02, 1e+04]
  Objective range  [1e+00, 1e+00]
  Bounds range     [5e+01, 7e+01]
  RHS range        [8e-03, 1e+04]
Presolve removed 41 rows and 252 columns
Presolve time: 0.00s

Solved in 0 iterations and 0.00 seconds
Infeasible model
Iteration    Objective       Primal Inf.    Dual Inf.      Time
       0    0.0000000e+00   6.536724e+01   0.000000e+00      0s

IIS computed: 3 constraints and 3 bounds
IIS runtime: 0.00 seconds

Gurobi 8.1.1 (win64) logging started 05/24/20 21:28:40

Academic license - for non-commercial use only
Optimize a model with 369 rows, 560 columns and 1575 nonzeros
Coefficient statistics:
  Matrix range     [1e-02, 1e+04]
  Objective range  [1e+00, 1e+00]
  Bounds range     [5e+01, 7e+01]
  RHS range        [8e-03, 1e+04]
Presolve removed 55 rows and 326 columns
Presolve time: 0.00s

Solved in 0 iterations and 0.00 seconds
Infeasible model
Iteration    Objective       Primal Inf.    Dual Inf.      Time
       0    0.0000000e+00   5.913781e+01   0.000000e+00      0s

IIS computed: 3 constraints and 3 bounds
IIS runtime: 0.00 seconds

Gurobi 8.1.1 (win64) logging started 05/24/20 21:28:40

Academic license - for non-commercial use only
Optimize a model with 298 rows, 560 columns and 1143 nonzeros
Coefficient statistics:
  Matrix range     [1e-02, 1e+04]
  Objective range  [1e+00, 1e+00]
  Bounds range     [5e+01, 7e+01]
  RHS range        [8e-03, 1e+04]
Presolve removed 50 rows and 377 columns
Presolve time: 0.00s

Solved in 0 iterations and 0.00 seconds
Infeasible model
Iteration    Objective       Primal Inf.    Dual Inf.      Time
       0    0.0000000e+00   5.725342e+01   0.000000e+00      0s

IIS computed: 3 constraints and 3 bounds
IIS runtime: 0.00 seconds

Gurobi 8.1.1 (win64) logging started 05/24/20 21:28:40

Academic license - for non-commercial use only
Optimize a model with 245 rows, 560 columns and 886 nonzeros
Coefficient statistics:
  Matrix range     [1e-02, 1e+04]
  Objective range  [1e+00, 1e+00]
  Bounds range     [5e+01, 7e+01]
  RHS range        [8e-03, 1e+04]
Presolve removed 52 rows and 417 columns
Presolve time: 0.00s

Solved in 0 iterations and 0.00 seconds
Infeasible model
Iteration    Objective       Primal Inf.    Dual Inf.      Time
       0    0.0000000e+00   6.388709e+01   0.000000e+00      0s

IIS computed: 3 constraints and 3 bounds
IIS runtime: 0.00 seconds

Gurobi 8.1.1 (win64) logging started 05/24/20 21:28:40

Academic license - for non-commercial use only
Optimize a model with 201 rows, 560 columns and 686 nonzeros
Coefficient statistics:
  Matrix range     [1e-02, 1e+04]
  Objective range  [1e+00, 1e+00]
  Bounds range     [5e+01, 7e+01]
  RHS range        [1e-02, 1e+04]
Presolve removed 49 rows and 449 columns
Presolve time: 0.00s

Solved in 0 iterations and 0.00 seconds
Infeasible model
Iteration    Objective       Primal Inf.    Dual Inf.      Time
       0    0.0000000e+00   6.131457e+01   0.000000e+00      0s

IIS computed: 3 constraints and 3 bounds
IIS runtime: 0.00 seconds

Gurobi 8.1.1 (win64) logging started 05/24/20 21:28:40

Academic license - for non-commercial use only
Optimize a model with 146 rows, 560 columns and 455 nonzeros
Coefficient statistics:
  Matrix range     [1e-02, 1e+04]
  Objective range  [1e+00, 1e+00]
  Bounds range     [5e+01, 7e+01]
  RHS range        [1e-02, 1e+04]
Presolve removed 37 rows and 480 columns
Presolve time: 0.00s

Solved in 0 iterations and 0.00 seconds
Infeasible model
Iteration    Objective       Primal Inf.    Dual Inf.      Time
       0    0.0000000e+00   8.816897e+01   0.000000e+00      0s

IIS computed: 3 constraints and 3 bounds
IIS runtime: 0.00 seconds

Gurobi 8.1.1 (win64) logging started 05/24/20 21:28:40

Academic license - for non-commercial use only
Optimize a model with 201 rows, 560 columns and 743 nonzeros
Coefficient statistics:
  Matrix range     [1e-02, 1e+04]
  Objective range  [1e+00, 1e+00]
  Bounds range     [5e+01, 7e+01]
  RHS range        [8e-03, 1e+04]
Presolve removed 58 rows and 456 columns
Presolve time: 0.00s

Solved in 0 iterations and 0.00 seconds
Infeasible model
Iteration    Objective       Primal Inf.    Dual Inf.      Time
       0    0.0000000e+00   1.220751e+02   0.000000e+00      0s

IIS computed: 5 constraints and 5 bounds
IIS runtime: 0.00 seconds

Gurobi 8.1.1 (win64) logging started 05/24/20 21:28:40

Academic license - for non-commercial use only
Optimize a model with 156 rows, 560 columns and 590 nonzeros
Coefficient statistics:
  Matrix range     [1e-02, 1e+04]
  Objective range  [1e+00, 1e+00]
  Bounds range     [5e+01, 7e+01]
  RHS range        [8e-03, 1e+04]
Presolve removed 55 rows and 488 columns
Presolve time: 0.00s

Solved in 0 iterations and 0.00 seconds
Infeasible model
Iteration    Objective       Primal Inf.    Dual Inf.      Time
       0    0.0000000e+00   1.365132e+02   0.000000e+00      0s

IIS computed: 5 constraints and 5 bounds
IIS runtime: 0.00 seconds

Gurobi 8.1.1 (win64) logging started 05/24/20 21:28:40

Academic license - for non-commercial use only
Optimize a model with 177 rows, 560 columns and 744 nonzeros
Coefficient statistics:
  Matrix range     [1e-02, 1e+04]
  Objective range  [1e+00, 1e+00]
  Bounds range     [5e+01, 7e+01]
  RHS range        [8e-03, 1e+04]
Presolve removed 63 rows and 482 columns
Presolve time: 0.00s

Solved in 0 iterations and 0.00 seconds
Infeasible model
Iteration    Objective       Primal Inf.    Dual Inf.      Time
       0    0.0000000e+00   4.571294e+01   0.000000e+00      0s

IIS computed: 3 constraints and 3 bounds
IIS runtime: 0.00 seconds

Gurobi 8.1.1 (win64) logging started 05/24/20 21:28:40

Academic license - for non-commercial use only
Optimize a model with 232 rows, 560 columns and 1020 nonzeros
Coefficient statistics:
  Matrix range     [1e-02, 1e+04]
  Objective range  [1e+00, 1e+00]
  Bounds range     [5e+01, 7e+01]
  RHS range        [8e-03, 1e+04]
Presolve removed 67 rows and 446 columns
Presolve time: 0.00s

Solved in 0 iterations and 0.00 seconds
Infeasible model
Iteration    Objective       Primal Inf.    Dual Inf.      Time
       0    0.0000000e+00   5.449040e+01   0.000000e+00      0s

IIS computed: 3 constraints and 3 bounds
IIS runtime: 0.00 seconds

Gurobi 8.1.1 (win64) logging started 05/24/20 21:28:40

Academic license - for non-commercial use only
Optimize a model with 312 rows, 560 columns and 1408 nonzeros
Coefficient statistics:
  Matrix range     [1e-02, 1e+04]
  Objective range  [1e+00, 1e+00]
  Bounds range     [5e+01, 7e+01]
  RHS range        [8e-03, 1e+04]
Presolve removed 81 rows and 400 columns
Presolve time: 0.00s

Solved in 0 iterations and 0.00 seconds
Infeasible model
Iteration    Objective       Primal Inf.    Dual Inf.      Time
       0    0.0000000e+00   1.161393e+02   0.000000e+00      0s

IIS computed: 3 constraints and 3 bounds
IIS runtime: 0.00 seconds

Gurobi 8.1.1 (win64) logging started 05/24/20 21:28:40

Academic license - for non-commercial use only
Optimize a model with 381 rows, 560 columns and 1721 nonzeros
Coefficient statistics:
  Matrix range     [1e-02, 1e+04]
  Objective range  [1e+00, 1e+00]
  Bounds range     [5e+01, 7e+01]
  RHS range        [8e-03, 1e+04]
Presolve removed 97 rows and 363 columns
Presolve time: 0.00s

Solved in 0 iterations and 0.00 seconds
Infeasible model
Iteration    Objective       Primal Inf.    Dual Inf.      Time
       0    0.0000000e+00   1.594220e+02   0.000000e+00      0s

IIS computed: 4 constraints and 5 bounds
IIS runtime: 0.00 seconds

Gurobi 8.1.1 (win64) logging started 05/24/20 21:28:40

Academic license - for non-commercial use only
Optimize a model with 348 rows, 560 columns and 1499 nonzeros
Coefficient statistics:
  Matrix range     [1e-02, 1e+04]
  Objective range  [1e+00, 1e+00]
  Bounds range     [5e+01, 7e+01]
  RHS range        [8e-03, 1e+04]
Presolve removed 96 rows and 383 columns
Presolve time: 0.00s

Solved in 0 iterations and 0.00 seconds
Infeasible model
Iteration    Objective       Primal Inf.    Dual Inf.      Time
       0    0.0000000e+00   1.398586e+02   0.000000e+00      0s

IIS computed: 4 constraints and 3 bounds
IIS runtime: 0.00 seconds

Gurobi 8.1.1 (win64) logging started 05/24/20 21:29:59

Academic license - for non-commercial use only
Optimize a model with 160 rows, 320 columns and 745 nonzeros
Coefficient statistics:
  Matrix range     [1e-02, 1e+04]
  Objective range  [1e+00, 1e+00]
  Bounds range     [5e+01, 7e+01]
  RHS range        [8e-03, 1e+04]
Presolve removed 44 rows and 243 columns
Presolve time: 0.00s

Solved in 0 iterations and 0.00 seconds
Infeasible model
Iteration    Objective       Primal Inf.    Dual Inf.      Time
       0    0.0000000e+00   3.185950e+01   0.000000e+00      0s

IIS computed: 5 constraints and 5 bounds
IIS runtime: 0.00 seconds

Gurobi 8.1.1 (win64) logging started 05/24/20 21:29:59

Academic license - for non-commercial use only
Optimize a model with 138 rows, 400 columns and 604 nonzeros
Coefficient statistics:
  Matrix range     [1e-02, 1e+04]
  Objective range  [1e+00, 1e+00]
  Bounds range     [5e+01, 7e+01]
  RHS range        [8e-03, 1e+04]
Presolve removed 42 rows and 335 columns
Presolve time: 0.00s

Solved in 0 iterations and 0.00 seconds
Infeasible model
Iteration    Objective       Primal Inf.    Dual Inf.      Time
       0    0.0000000e+00   3.182844e+01   0.000000e+00      0s

IIS computed: 5 constraints and 5 bounds
IIS runtime: 0.00 seconds

Gurobi 8.1.1 (win64) logging started 05/24/20 21:29:59

Academic license - for non-commercial use only
Optimize a model with 207 rows, 560 columns and 924 nonzeros
Coefficient statistics:
  Matrix range     [1e-02, 1e+04]
  Objective range  [1e+00, 1e+00]
  Bounds range     [5e+01, 7e+01]
  RHS range        [8e-03, 1e+04]
Presolve removed 57 rows and 459 columns
Presolve time: 0.00s

Solved in 0 iterations and 0.00 seconds
Infeasible model
Iteration    Objective       Primal Inf.    Dual Inf.      Time
       0    0.0000000e+00   4.393009e+01   0.000000e+00      0s

IIS computed: 6 constraints and 5 bounds
IIS runtime: 0.00 seconds

Gurobi 8.1.1 (win64) logging started 05/24/20 21:29:59

Academic license - for non-commercial use only

Gurobi 8.1.1 (win64) logging started 05/24/20 21:29:59

Optimize a model with 276 rows, 560 columns and 1236 nonzeros
Coefficient statistics:
  Matrix range     [1e-02, 1e+04]
  Objective range  [1e+00, 1e+00]
  Bounds range     [5e+01, 7e+01]
  RHS range        [8e-03, 1e+04]
Presolve removed 75 rows and 423 columns
Presolve time: 0.00s

Solved in 0 iterations and 0.00 seconds
Infeasible model
Academic license - for non-commercial use only
Iteration    Objective       Primal Inf.    Dual Inf.      Time
       0    0.0000000e+00   4.155339e+01   0.000000e+00      0s

IIS computed: 5 constraints and 3 bounds
IIS runtime: 0.00 seconds
Optimize a model with 345 rows, 560 columns and 1573 nonzeros
Coefficient statistics:
  Matrix range     [1e-02, 1e+04]
  Objective range  [1e+00, 1e+00]
  Bounds range     [5e+01, 7e+01]
  RHS range        [8e-03, 1e+04]
Presolve removed 88 rows and 387 columns
Presolve time: 0.00s

Solved in 0 iterations and 0.00 seconds
Infeasible model
Iteration    Objective       Primal Inf.    Dual Inf.      Time
       0    0.0000000e+00   6.758933e+01   0.000000e+00      0s

IIS computed: 6 constraints and 3 bounds
IIS runtime: 0.00 seconds

Gurobi 8.1.1 (win64) logging started 05/24/20 21:29:59

Academic license - for non-commercial use only
Optimize a model with 425 rows, 560 columns and 1972 nonzeros
Coefficient statistics:
  Matrix range     [1e-02, 1e+04]
  Objective range  [1e+00, 1e+00]
  Bounds range     [5e+01, 7e+01]
  RHS range        [8e-03, 1e+04]
Presolve removed 105 rows and 345 columns
Presolve time: 0.00s

Solved in 0 iterations and 0.00 seconds
Infeasible model
Iteration    Objective       Primal Inf.    Dual Inf.      Time
       0    0.0000000e+00   8.950998e+01   0.000000e+00      0s

IIS computed: 7 constraints and 3 bounds
IIS runtime: 0.00 seconds

Gurobi 8.1.1 (win64) logging started 05/24/20 21:29:59

Academic license - for non-commercial use only
Optimize a model with 468 rows, 560 columns and 2193 nonzeros
Coefficient statistics:
  Matrix range     [1e-02, 1e+04]
  Objective range  [1e+00, 1e+00]
  Bounds range     [5e+01, 7e+01]
  RHS range        [8e-03, 1e+04]
Presolve removed 190 rows and 344 columns
Presolve time: 0.00s
Presolved: 278 rows, 219 columns, 1648 nonzeros

Iteration    Objective       Primal Inf.    Dual Inf.      Time
       0    0.0000000e+00   1.171477e+02   0.000000e+00      0s
Extra 2 simplex iterations after uncrush
     109    0.0000000e+00   0.000000e+00   0.000000e+00      0s

Solved in 109 iterations and 0.01 seconds
Optimal objective  0.000000000e+00

Gurobi 8.1.1 (win64) logging started 05/24/20 21:29:59

Academic license - for non-commercial use only
Optimize a model with 424 rows, 560 columns and 1932 nonzeros
Coefficient statistics:
  Matrix range     [1e-02, 1e+04]
  Objective range  [1e+00, 1e+00]
  Bounds range     [5e+01, 7e+01]
  RHS range        [8e-03, 1e+04]
Presolve removed 185 rows and 370 columns
Presolve time: 0.00s
Presolved: 239 rows, 190 columns, 1420 nonzeros

Iteration    Objective       Primal Inf.    Dual Inf.      Time
       0    0.0000000e+00   8.901383e+01   0.000000e+00      0s
      72    0.0000000e+00   0.000000e+00   0.000000e+00      0s

Solved in 72 iterations and 0.01 seconds
Optimal objective  0.000000000e+00

Gurobi 8.1.1 (win64) logging started 05/24/20 21:29:59

Academic license - for non-commercial use only
Optimize a model with 424 rows, 560 columns and 1932 nonzeros
Coefficient statistics:
  Matrix range     [1e-02, 1e+04]
  Objective range  [1e+00, 1e+00]
  Bounds range     [5e+01, 7e+01]
  RHS range        [8e-03, 1e+04]
Presolve removed 174 rows and 368 columns
Presolve time: 0.00s
Presolved: 250 rows, 192 columns, 1463 nonzeros

Iteration    Objective       Primal Inf.    Dual Inf.      Time
       0    0.0000000e+00   1.365518e+02   0.000000e+00      0s
Extra 3 simplex iterations after uncrush
      82    0.0000000e+00   0.000000e+00   0.000000e+00      0s

Solved in 82 iterations and 0.01 seconds
Optimal objective  0.000000000e+00

Gurobi 8.1.1 (win64) logging started 05/24/20 21:29:59

Academic license - for non-commercial use only
Optimize a model with 391 rows, 560 columns and 1756 nonzeros
Coefficient statistics:
  Matrix range     [1e-02, 1e+04]
  Objective range  [1e+00, 1e+00]
  Bounds range     [5e+01, 7e+01]
  RHS range        [8e-03, 1e+04]
Presolve removed 185 rows and 391 columns
Presolve time: 0.00s
Presolved: 206 rows, 169 columns, 1223 nonzeros

Iteration    Objective       Primal Inf.    Dual Inf.      Time
       0    0.0000000e+00   8.740739e+01   0.000000e+00      0s
Extra 4 simplex iterations after uncrush
      61    0.0000000e+00   0.000000e+00   0.000000e+00      0s

Solved in 61 iterations and 0.01 seconds
Optimal objective  0.000000000e+00

Gurobi 8.1.1 (win64) logging started 05/24/20 21:29:59

Academic license - for non-commercial use only
Optimize a model with 380 rows, 560 columns and 1687 nonzeros
Coefficient statistics:
  Matrix range     [1e-02, 1e+04]
  Objective range  [1e+00, 1e+00]
  Bounds range     [5e+01, 7e+01]
  RHS range        [8e-03, 1e+04]
Presolve removed 171 rows and 390 columns
Presolve time: 0.00s
Presolved: 209 rows, 170 columns, 1192 nonzeros

Iteration    Objective       Primal Inf.    Dual Inf.      Time
       0    0.0000000e+00   9.774039e+01   0.000000e+00      0s
      58    0.0000000e+00   0.000000e+00   0.000000e+00      0s

Solved in 58 iterations and 0.00 seconds
Optimal objective  0.000000000e+00

Gurobi 8.1.1 (win64) logging started 05/24/20 21:29:59

Academic license - for non-commercial use only
Optimize a model with 358 rows, 560 columns and 1574 nonzeros
Coefficient statistics:
  Matrix range     [1e-02, 1e+04]
  Objective range  [1e+00, 1e+00]
  Bounds range     [5e+01, 7e+01]
  RHS range        [8e-03, 1e+04]
Presolve removed 164 rows and 404 columns
Presolve time: 0.00s
Presolved: 194 rows, 156 columns, 1125 nonzeros

Iteration    Objective       Primal Inf.    Dual Inf.      Time
       0    0.0000000e+00   1.044594e+02   0.000000e+00      0s
      42    0.0000000e+00   0.000000e+00   0.000000e+00      0s

Solved in 42 iterations and 0.00 seconds
Optimal objective  0.000000000e+00

Gurobi 8.1.1 (win64) logging started 05/24/20 21:29:59

Academic license - for non-commercial use only
Optimize a model with 347 rows, 560 columns and 1500 nonzeros
Coefficient statistics:
  Matrix range     [1e-02, 1e+04]
  Objective range  [1e+00, 1e+00]
  Bounds range     [5e+01, 7e+01]
  RHS range        [8e-03, 1e+04]
Presolve removed 154 rows and 406 columns
Presolve time: 0.00s
Presolved: 193 rows, 154 columns, 1086 nonzeros

Iteration    Objective       Primal Inf.    Dual Inf.      Time
       0    0.0000000e+00   1.130203e+02   0.000000e+00      0s
      48    0.0000000e+00   0.000000e+00   0.000000e+00      0s

Solved in 48 iterations and 0.00 seconds
Optimal objective  0.000000000e+00

Gurobi 8.1.1 (win64) logging started 05/24/20 21:29:59

Academic license - for non-commercial use only
Optimize a model with 303 rows, 560 columns and 1297 nonzeros
Coefficient statistics:
  Matrix range     [1e-02, 1e+04]
  Objective range  [1e+00, 1e+00]
  Bounds range     [5e+01, 7e+01]
  RHS range        [8e-03, 1e+04]
Presolve removed 147 rows and 430 columns
Presolve time: 0.00s
Presolved: 156 rows, 130 columns, 861 nonzeros

Iteration    Objective       Primal Inf.    Dual Inf.      Time
       0    0.0000000e+00   8.619278e+01   0.000000e+00      0s
      43    0.0000000e+00   0.000000e+00   0.000000e+00      0s

Solved in 43 iterations and 0.00 seconds
Optimal objective  0.000000000e+00

Gurobi 8.1.1 (win64) logging started 05/24/20 21:29:59

Academic license - for non-commercial use only
Optimize a model with 283 rows, 560 columns and 1167 nonzeros
Coefficient statistics:
  Matrix range     [1e-02, 1e+04]
  Objective range  [1e+00, 1e+00]
  Bounds range     [5e+01, 7e+01]
  RHS range        [8e-03, 1e+04]
Presolve removed 137 rows and 441 columns
Presolve time: 0.00s
Presolved: 146 rows, 119 columns, 796 nonzeros

Iteration    Objective       Primal Inf.    Dual Inf.      Time
       0    0.0000000e+00   7.203765e+01   0.000000e+00      0s
Extra one simplex iteration after uncrush
      33    0.0000000e+00   0.000000e+00   0.000000e+00      0s

Solved in 33 iterations and 0.01 seconds
Optimal objective  0.000000000e+00

Gurobi 8.1.1 (win64) logging started 05/24/20 21:29:59

Academic license - for non-commercial use only
Optimize a model with 250 rows, 560 columns and 996 nonzeros
Coefficient statistics:
  Matrix range     [1e-02, 1e+04]
  Objective range  [1e+00, 1e+00]
  Bounds range     [5e+01, 7e+01]
  RHS range        [8e-03, 1e+04]
Presolve removed 125 rows and 458 columns
Presolve time: 0.00s
Presolved: 125 rows, 102 columns, 656 nonzeros

Iteration    Objective       Primal Inf.    Dual Inf.      Time
       0    0.0000000e+00   7.282872e+01   0.000000e+00      0s
      27    0.0000000e+00   0.000000e+00   0.000000e+00      0s

Solved in 27 iterations and 0.00 seconds
Optimal objective  0.000000000e+00

Gurobi 8.1.1 (win64) logging started 05/24/20 21:29:59

Academic license - for non-commercial use only
Optimize a model with 227 rows, 560 columns and 868 nonzeros
Coefficient statistics:
  Matrix range     [1e-02, 1e+04]
  Objective range  [1e+00, 1e+00]
  Bounds range     [5e+01, 7e+01]
  RHS range        [8e-03, 1e+04]
Presolve removed 120 rows and 473 columns
Presolve time: 0.00s
Presolved: 107 rows, 87 columns, 555 nonzeros

Iteration    Objective       Primal Inf.    Dual Inf.      Time
       0    0.0000000e+00   6.605795e+01   0.000000e+00      0s
      21    0.0000000e+00   0.000000e+00   0.000000e+00      0s

Solved in 21 iterations and 0.00 seconds
Optimal objective  0.000000000e+00

Gurobi 8.1.1 (win64) logging started 05/24/20 21:30:27

Academic license - for non-commercial use only
Optimize a model with 160 rows, 320 columns and 745 nonzeros
Coefficient statistics:
  Matrix range     [1e-02, 1e+04]
  Objective range  [1e+00, 1e+00]
  Bounds range     [5e+01, 7e+01]
  RHS range        [8e-03, 1e+04]
Presolve removed 44 rows and 243 columns
Presolve time: 0.00s

Solved in 0 iterations and 0.00 seconds
Infeasible model
Iteration    Objective       Primal Inf.    Dual Inf.      Time
       0    0.0000000e+00   3.198387e+01   0.000000e+00      0s

IIS computed: 5 constraints and 5 bounds
IIS runtime: 0.00 seconds

Gurobi 8.1.1 (win64) logging started 05/24/20 21:30:27

Academic license - for non-commercial use only
Optimize a model with 138 rows, 400 columns and 604 nonzeros
Coefficient statistics:
  Matrix range     [1e-02, 1e+04]
  Objective range  [1e+00, 1e+00]
  Bounds range     [5e+01, 7e+01]
  RHS range        [8e-03, 1e+04]
Presolve removed 42 rows and 335 columns
Presolve time: 0.00s

Solved in 0 iterations and 0.00 seconds
Infeasible model
Iteration    Objective       Primal Inf.    Dual Inf.      Time
       0    0.0000000e+00   3.182844e+01   0.000000e+00      0s

IIS computed: 5 constraints and 5 bounds
IIS runtime: 0.00 seconds

Gurobi 8.1.1 (win64) logging started 05/24/20 21:30:27

Academic license - for non-commercial use only
Optimize a model with 207 rows, 560 columns and 924 nonzeros
Coefficient statistics:
  Matrix range     [1e-02, 1e+04]
  Objective range  [1e+00, 1e+00]
  Bounds range     [5e+01, 7e+01]
  RHS range        [8e-03, 1e+04]
Presolve removed 57 rows and 459 columns
Presolve time: 0.00s

Solved in 0 iterations and 0.00 seconds
Infeasible model
Iteration    Objective       Primal Inf.    Dual Inf.      Time
       0    0.0000000e+00   4.393009e+01   0.000000e+00      0s

IIS computed: 6 constraints and 5 bounds
IIS runtime: 0.00 seconds

Gurobi 8.1.1 (win64) logging started 05/24/20 21:30:27

Academic license - for non-commercial use only
Optimize a model with 276 rows, 560 columns and 1236 nonzeros
Coefficient statistics:
  Matrix range     [1e-02, 1e+04]
  Objective range  [1e+00, 1e+00]
  Bounds range     [5e+01, 7e+01]
  RHS range        [8e-03, 1e+04]
Presolve removed 75 rows and 423 columns
Presolve time: 0.00s

Solved in 0 iterations and 0.00 seconds
Infeasible model
Iteration    Objective       Primal Inf.    Dual Inf.      Time
       0    0.0000000e+00   4.286589e+01   0.000000e+00      0s

Gurobi 8.1.1 (win64) logging started 05/24/20 21:30:27


IIS computed: 5 constraints and 3 bounds
IIS runtime: 0.00 seconds
Academic license - for non-commercial use only
Optimize a model with 345 rows, 560 columns and 1573 nonzeros
Coefficient statistics:
  Matrix range     [1e-02, 1e+04]
  Objective range  [1e+00, 1e+00]
  Bounds range     [5e+01, 7e+01]
  RHS range        [8e-03, 1e+04]
Presolve removed 88 rows and 387 columns
Presolve time: 0.00s

Solved in 0 iterations and 0.00 seconds
Infeasible model
Iteration    Objective       Primal Inf.    Dual Inf.      Time
       0    0.0000000e+00   6.758943e+01   0.000000e+00      0s

IIS computed: 6 constraints and 3 bounds
IIS runtime: 0.00 seconds

Gurobi 8.1.1 (win64) logging started 05/24/20 21:30:27

Academic license - for non-commercial use only
Optimize a model with 425 rows, 560 columns and 1972 nonzeros
Coefficient statistics:
  Matrix range     [1e-02, 1e+04]
  Objective range  [1e+00, 1e+00]
  Bounds range     [5e+01, 7e+01]
  RHS range        [8e-03, 1e+04]
Presolve removed 105 rows and 345 columns
Presolve time: 0.00s

Solved in 0 iterations and 0.00 seconds
Infeasible model
Iteration    Objective       Primal Inf.    Dual Inf.      Time
       0    0.0000000e+00   8.951008e+01   0.000000e+00      0s

IIS computed: 7 constraints and 3 bounds
IIS runtime: 0.00 seconds

Gurobi 8.1.1 (win64) logging started 05/24/20 21:30:27

Academic license - for non-commercial use only
Optimize a model with 468 rows, 560 columns and 2193 nonzeros
Coefficient statistics:
  Matrix range     [1e-02, 1e+04]
  Objective range  [1e+00, 1e+00]
  Bounds range     [5e+01, 7e+01]
  RHS range        [8e-03, 1e+04]
Presolve removed 190 rows and 344 columns
Presolve time: 0.00s
Presolved: 278 rows, 219 columns, 1648 nonzeros

Iteration    Objective       Primal Inf.    Dual Inf.      Time
       0    0.0000000e+00   1.171452e+02   0.000000e+00      0s
      88    0.0000000e+00   0.000000e+00   0.000000e+00      0s

Solved in 88 iterations and 0.01 seconds
Optimal objective  0.000000000e+00

Gurobi 8.1.1 (win64) logging started 05/24/20 21:30:27

Academic license - for non-commercial use only
Optimize a model with 424 rows, 560 columns and 1932 nonzeros
Coefficient statistics:
  Matrix range     [1e-02, 1e+04]
  Objective range  [1e+00, 1e+00]
  Bounds range     [5e+01, 7e+01]
  RHS range        [8e-03, 1e+04]
Presolve removed 178 rows and 368 columns
Presolve time: 0.00s
Presolved: 246 rows, 194 columns, 1444 nonzeros

Iteration    Objective       Primal Inf.    Dual Inf.      Time
       0    0.0000000e+00   1.014015e+02   0.000000e+00      0s
      96    0.0000000e+00   0.000000e+00   0.000000e+00      0s

Solved in 96 iterations and 0.01 seconds
Optimal objective  0.000000000e+00

Gurobi 8.1.1 (win64) logging started 05/24/20 21:30:27

Academic license - for non-commercial use only
Optimize a model with 391 rows, 560 columns and 1725 nonzeros
Coefficient statistics:
  Matrix range     [1e-02, 1e+04]
  Objective range  [1e+00, 1e+00]
  Bounds range     [5e+01, 7e+01]
  RHS range        [8e-03, 1e+04]
Presolve removed 158 rows and 384 columns
Presolve time: 0.00s
Presolved: 233 rows, 177 columns, 1301 nonzeros

Iteration    Objective       Primal Inf.    Dual Inf.      Time
       0    0.0000000e+00   1.359895e+02   0.000000e+00      0s
      67    0.0000000e+00   0.000000e+00   0.000000e+00      0s

Solved in 67 iterations and 0.01 seconds
Optimal objective  0.000000000e+00

Gurobi 8.1.1 (win64) logging started 05/24/20 21:30:27

Academic license - for non-commercial use only
Optimize a model with 336 rows, 560 columns and 1438 nonzeros
Coefficient statistics:
  Matrix range     [1e-02, 1e+04]
  Objective range  [1e+00, 1e+00]
  Bounds range     [5e+01, 7e+01]
  RHS range        [8e-03, 1e+04]
Presolve removed 153 rows and 414 columns
Presolve time: 0.00s
Presolved: 183 rows, 146 columns, 1020 nonzeros

Iteration    Objective       Primal Inf.    Dual Inf.      Time
       0    0.0000000e+00   9.914199e+01   0.000000e+00      0s
Extra one simplex iteration after uncrush
      68    0.0000000e+00   0.000000e+00   0.000000e+00      0s

Solved in 68 iterations and 0.00 seconds
Optimal objective  0.000000000e+00

Gurobi 8.1.1 (win64) logging started 05/24/20 21:30:27

Academic license - for non-commercial use only
Optimize a model with 305 rows, 560 columns and 1246 nonzeros
Coefficient statistics:
  Matrix range     [1e-02, 1e+04]
  Objective range  [1e+00, 1e+00]
  Bounds range     [5e+01, 7e+01]
  RHS range        [8e-03, 1e+04]
Presolve removed 155 rows and 436 columns
Presolve time: 0.00s
Presolved: 150 rows, 124 columns, 829 nonzeros

Iteration    Objective       Primal Inf.    Dual Inf.      Time
       0    0.0000000e+00   1.012236e+02   0.000000e+00      0s
      40    0.0000000e+00   0.000000e+00   0.000000e+00      0s

Solved in 40 iterations and 0.00 seconds
Optimal objective  0.000000000e+00

Gurobi 8.1.1 (win64) logging started 05/24/20 21:30:27

Academic license - for non-commercial use only
Optimize a model with 274 rows, 560 columns and 1057 nonzeros
Coefficient statistics:
  Matrix range     [1e-02, 1e+04]
  Objective range  [1e+00, 1e+00]
  Bounds range     [5e+01, 7e+01]
  RHS range        [8e-03, 1e+04]
Presolve removed 145 rows and 455 columns
Presolve time: 0.00s
Presolved: 129 rows, 105 columns, 671 nonzeros

Iteration    Objective       Primal Inf.    Dual Inf.      Time
       0    0.0000000e+00   9.191343e+01   0.000000e+00      0s
      36    0.0000000e+00   0.000000e+00   0.000000e+00      0s

Solved in 36 iterations and 0.01 seconds
Optimal objective  0.000000000e+00

Gurobi 8.1.1 (win64) logging started 05/24/20 21:30:27

Academic license - for non-commercial use only
Optimize a model with 232 rows, 560 columns and 845 nonzeros
Coefficient statistics:
  Matrix range     [1e-02, 1e+04]
  Objective range  [1e+00, 1e+00]
  Bounds range     [5e+01, 7e+01]
  RHS range        [1e-02, 1e+04]
Presolve removed 124 rows and 474 columns
Presolve time: 0.00s
Presolved: 108 rows, 86 columns, 500 nonzeros

Iteration    Objective       Primal Inf.    Dual Inf.      Time
       0    0.0000000e+00   8.517171e+01   0.000000e+00      0s
      25    0.0000000e+00   0.000000e+00   0.000000e+00      0s

Solved in 25 iterations and 0.00 seconds
Optimal objective  0.000000000e+00

Gurobi 8.1.1 (win64) logging started 05/24/20 21:30:27

Academic license - for non-commercial use only
Optimize a model with 196 rows, 560 columns and 700 nonzeros
Coefficient statistics:
  Matrix range     [1e-02, 1e+04]
  Objective range  [1e+00, 1e+00]
  Bounds range     [5e+01, 7e+01]
  RHS range        [1e-02, 1e+04]
Presolve removed 106 rows and 489 columns
Presolve time: 0.00s
Presolved: 90 rows, 71 columns, 426 nonzeros

Iteration    Objective       Primal Inf.    Dual Inf.      Time
       0    0.0000000e+00   8.551327e+01   0.000000e+00      0s
      21    0.0000000e+00   0.000000e+00   0.000000e+00      0s

Solved in 21 iterations and 0.00 seconds
Optimal objective  0.000000000e+00

Gurobi 8.1.1 (win64) logging started 05/24/20 21:30:27

Academic license - for non-commercial use only
Optimize a model with 174 rows, 560 columns and 599 nonzeros
Coefficient statistics:
  Matrix range     [1e-02, 1e+04]
  Objective range  [1e+00, 1e+00]
  Bounds range     [5e+01, 7e+01]
  RHS range        [1e-02, 1e+04]
Presolve removed 107 rows and 507 columns
Presolve time: 0.00s
Presolved: 67 rows, 53 columns, 306 nonzeros

Iteration    Objective       Primal Inf.    Dual Inf.      Time
       0    0.0000000e+00   6.596897e+01   0.000000e+00      0s
      18    0.0000000e+00   0.000000e+00   0.000000e+00      0s

Solved in 18 iterations and 0.00 seconds
Optimal objective  0.000000000e+00

Gurobi 8.1.1 (win64) logging started 05/24/20 21:30:27

Academic license - for non-commercial use only
Optimize a model with 129 rows, 560 columns and 422 nonzeros
Coefficient statistics:
  Matrix range     [1e-02, 1e+04]
  Objective range  [1e+00, 1e+00]
  Bounds range     [5e+01, 7e+01]
  RHS range        [1e-02, 1e+04]
Presolve removed 88 rows and 528 columns
Presolve time: 0.00s
Presolved: 41 rows, 32 columns, 179 nonzeros

Iteration    Objective       Primal Inf.    Dual Inf.      Time
       0    0.0000000e+00   3.021616e+01   0.000000e+00      0s
      11    0.0000000e+00   0.000000e+00   0.000000e+00      0s

Solved in 11 iterations and 0.00 seconds
Optimal objective  0.000000000e+00

Gurobi 8.1.1 (win64) logging started 05/24/20 21:30:28

Academic license - for non-commercial use only
Optimize a model with 178 rows, 560 columns and 664 nonzeros
Coefficient statistics:
  Matrix range     [1e-02, 1e+04]
  Objective range  [1e+00, 1e+00]
  Bounds range     [5e+01, 7e+01]
  RHS range        [8e-03, 1e+04]
Presolve removed 38 rows and 470 columns
Presolve time: 0.00s

Solved in 0 iterations and 0.00 seconds
Infeasible model
Iteration    Objective       Primal Inf.    Dual Inf.      Time
       0    0.0000000e+00   1.629002e+02   0.000000e+00      0s

IIS computed: 5 constraints and 5 bounds
IIS runtime: 0.00 seconds

Gurobi 8.1.1 (win64) logging started 05/24/20 21:30:51

Academic license - for non-commercial use only
Optimize a model with 160 rows, 320 columns and 745 nonzeros
Coefficient statistics:
  Matrix range     [1e-02, 1e+04]
  Objective range  [1e+00, 1e+00]
  Bounds range     [5e+01, 7e+01]
  RHS range        [8e-03, 1e+04]
Presolve removed 44 rows and 243 columns
Presolve time: 0.00s

Solved in 0 iterations and 0.00 seconds
Infeasible model
Iteration    Objective       Primal Inf.    Dual Inf.      Time
       0    0.0000000e+00   3.185950e+01   0.000000e+00      0s

IIS computed: 5 constraints and 5 bounds
IIS runtime: 0.00 seconds

Gurobi 8.1.1 (win64) logging started 05/24/20 21:30:51

Academic license - for non-commercial use only
Optimize a model with 149 rows, 400 columns and 671 nonzeros
Coefficient statistics:
  Matrix range     [1e-02, 1e+04]
  Objective range  [1e+00, 1e+00]
  Bounds range     [5e+01, 7e+01]
  RHS range        [8e-03, 1e+04]
Presolve removed 44 rows and 329 columns
Presolve time: 0.00s

Solved in 0 iterations and 0.00 seconds
Infeasible model
Iteration    Objective       Primal Inf.    Dual Inf.      Time
       0    0.0000000e+00   3.189325e+01   0.000000e+00      0s

IIS computed: 5 constraints and 5 bounds
IIS runtime: 0.00 seconds

Gurobi 8.1.1 (win64) logging started 05/24/20 21:30:51

Academic license - for non-commercial use only
Optimize a model with 207 rows, 560 columns and 924 nonzeros
Coefficient statistics:
  Matrix range     [1e-02, 1e+04]
  Objective range  [1e+00, 1e+00]
  Bounds range     [5e+01, 7e+01]
  RHS range        [8e-03, 1e+04]
Presolve removed 57 rows and 459 columns
Presolve time: 0.00s

Solved in 0 iterations and 0.00 seconds
Infeasible model
Iteration    Objective       Primal Inf.    Dual Inf.      Time
       0    0.0000000e+00   4.389644e+01   0.000000e+00      0s

IIS computed: 6 constraints and 5 bounds
IIS runtime: 0.00 seconds

Gurobi 8.1.1 (win64) logging started 05/24/20 21:30:51

Academic license - for non-commercial use only
Optimize a model with 254 rows, 560 columns and 1133 nonzeros
Coefficient statistics:
  Matrix range     [1e-02, 1e+04]
  Objective range  [1e+00, 1e+00]
  Bounds range     [5e+01, 7e+01]
  RHS range        [8e-03, 1e+04]
Presolve removed 70 rows and 436 columns
Presolve time: 0.00s

Solved in 0 iterations and 0.00 seconds
Infeasible model
Iteration    Objective       Primal Inf.    Dual Inf.      Time
       0    0.0000000e+00   4.116500e+01   0.000000e+00      0s

IIS computed: 5 constraints and 3 bounds
IIS runtime: 0.00 seconds

Gurobi 8.1.1 (win64) logging started 05/24/20 21:30:52

Academic license - for non-commercial use only
Optimize a model with 312 rows, 560 columns and 1380 nonzeros
Coefficient statistics:
  Matrix range     [1e-02, 1e+04]
  Objective range  [1e+00, 1e+00]
  Bounds range     [5e+01, 7e+01]
  RHS range        [8e-03, 1e+04]
Presolve removed 84 rows and 406 columns
Presolve time: 0.00s

Solved in 0 iterations and 0.00 seconds
Infeasible model
Iteration    Objective       Primal Inf.    Dual Inf.      Time
       0    0.0000000e+00   5.982779e+01   0.000000e+00      0s

IIS computed: 5 constraints and 3 bounds
IIS runtime: 0.00 seconds

Gurobi 8.1.1 (win64) logging started 05/24/20 21:30:52

Academic license - for non-commercial use only
Optimize a model with 355 rows, 560 columns and 1633 nonzeros
Coefficient statistics:
  Matrix range     [1e-02, 1e+04]
  Objective range  [1e+00, 1e+00]
  Bounds range     [5e+01, 7e+01]
  RHS range        [8e-03, 1e+04]
Presolve removed 93 rows and 383 columns
Presolve time: 0.00s

Solved in 0 iterations and 0.00 seconds
Infeasible model
Iteration    Objective       Primal Inf.    Dual Inf.      Time
       0    0.0000000e+00   7.173196e+01   0.000000e+00      0s

IIS computed: 5 constraints and 3 bounds
IIS runtime: 0.00 seconds

Gurobi 8.1.1 (win64) logging started 05/24/20 21:30:52

Academic license - for non-commercial use only
Optimize a model with 333 rows, 560 columns and 1502 nonzeros
Coefficient statistics:
  Matrix range     [1e-02, 1e+04]
  Objective range  [1e+00, 1e+00]
  Bounds range     [5e+01, 7e+01]
  RHS range        [8e-03, 1e+04]
Presolve removed 88 rows and 395 columns
Presolve time: 0.00s

Solved in 0 iterations and 0.00 seconds
Infeasible model
Iteration    Objective       Primal Inf.    Dual Inf.      Time
       0    0.0000000e+00   6.501088e+01   0.000000e+00      0s

IIS computed: 6 constraints and 3 bounds
IIS runtime: 0.00 seconds

Gurobi 8.1.1 (win64) logging started 05/24/20 21:30:52

Academic license - for non-commercial use only
Optimize a model with 322 rows, 560 columns and 1433 nonzeros
Coefficient statistics:
  Matrix range     [1e-02, 1e+04]
  Objective range  [1e+00, 1e+00]
  Bounds range     [5e+01, 7e+01]
  RHS range        [8e-03, 1e+04]
Presolve removed 89 rows and 401 columns
Presolve time: 0.00s

Solved in 0 iterations and 0.00 seconds
Infeasible model
Iteration    Objective       Primal Inf.    Dual Inf.      Time
       0    0.0000000e+00   7.190151e+01   0.000000e+00      0s

IIS computed: 6 constraints and 3 bounds
IIS runtime: 0.00 seconds

Gurobi 8.1.1 (win64) logging started 05/24/20 21:30:52

Academic license - for non-commercial use only
Optimize a model with 289 rows, 560 columns and 1229 nonzeros
Coefficient statistics:
  Matrix range     [1e-02, 1e+04]
  Objective range  [1e+00, 1e+00]
  Bounds range     [5e+01, 7e+01]
  RHS range        [8e-03, 1e+04]
Presolve removed 87 rows and 419 columns
Presolve time: 0.00s

Solved in 0 iterations and 0.00 seconds
Infeasible model
Iteration    Objective       Primal Inf.    Dual Inf.      Time
       0    0.0000000e+00   6.879860e+01   0.000000e+00      0s

IIS computed: 6 constraints and 3 bounds
IIS runtime: 0.00 seconds

Gurobi 8.1.1 (win64) logging started 05/24/20 21:30:52

Academic license - for non-commercial use only
Optimize a model with 305 rows, 560 columns and 1235 nonzeros
Coefficient statistics:
  Matrix range     [1e-02, 1e+04]
  Objective range  [1e+00, 1e+00]
  Bounds range     [5e+01, 7e+01]
  RHS range        [8e-03, 1e+04]
Presolve removed 151 rows and 438 columns
Presolve time: 0.00s
Presolved: 154 rows, 122 columns, 835 nonzeros

Iteration    Objective       Primal Inf.    Dual Inf.      Time
       0    0.0000000e+00   8.763809e+01   0.000000e+00      0s
      33    0.0000000e+00   0.000000e+00   0.000000e+00      0s

Solved in 33 iterations and 0.00 seconds
Optimal objective  0.000000000e+00

Gurobi 8.1.1 (win64) logging started 05/24/20 21:30:52

Academic license - for non-commercial use only
Optimize a model with 274 rows, 560 columns and 1057 nonzeros
Coefficient statistics:
  Matrix range     [1e-02, 1e+04]
  Objective range  [1e+00, 1e+00]
  Bounds range     [5e+01, 7e+01]
  RHS range        [8e-03, 1e+04]
Presolve removed 144 rows and 455 columns
Presolve time: 0.00s
Presolved: 130 rows, 105 columns, 672 nonzeros

Iteration    Objective       Primal Inf.    Dual Inf.      Time
       0    0.0000000e+00   8.509549e+01   0.000000e+00      0s
      34    0.0000000e+00   0.000000e+00   0.000000e+00      0s

Solved in 34 iterations and 0.00 seconds
Optimal objective  0.000000000e+00

Gurobi 8.1.1 (win64) logging started 05/24/20 21:30:52

Academic license - for non-commercial use only
Optimize a model with 232 rows, 560 columns and 845 nonzeros
Coefficient statistics:
  Matrix range     [1e-02, 1e+04]
  Objective range  [1e+00, 1e+00]
  Bounds range     [5e+01, 7e+01]
  RHS range        [1e-02, 1e+04]
Presolve removed 122 rows and 474 columns
Presolve time: 0.00s
Presolved: 110 rows, 86 columns, 511 nonzeros

Iteration    Objective       Primal Inf.    Dual Inf.      Time
       0    0.0000000e+00   7.656012e+01   0.000000e+00      0s
      25    0.0000000e+00   0.000000e+00   0.000000e+00      0s

Solved in 25 iterations and 0.00 seconds
Optimal objective  0.000000000e+00

Gurobi 8.1.1 (win64) logging started 05/24/20 21:30:52

Academic license - for non-commercial use only
Optimize a model with 221 rows, 560 columns and 796 nonzeros
Coefficient statistics:
  Matrix range     [1e-02, 1e+04]
  Objective range  [1e+00, 1e+00]
  Bounds range     [5e+01, 7e+01]
  RHS range        [1e-02, 1e+04]
Presolve removed 114 rows and 477 columns
Presolve time: 0.00s
Presolved: 107 rows, 83 columns, 491 nonzeros

Iteration    Objective       Primal Inf.    Dual Inf.      Time
       0    0.0000000e+00   8.124432e+01   0.000000e+00      0s
      23    0.0000000e+00   0.000000e+00   0.000000e+00      0s

Solved in 23 iterations and 0.00 seconds
Optimal objective  0.000000000e+00

Gurobi 8.1.1 (win64) logging started 05/24/20 21:30:52

Academic license - for non-commercial use only
Optimize a model with 254 rows, 560 columns and 979 nonzeros
Coefficient statistics:
  Matrix range     [1e-02, 1e+04]
  Objective range  [1e+00, 1e+00]
  Bounds range     [5e+01, 7e+01]
  RHS range        [8e-03, 1e+04]
Presolve removed 59 rows and 414 columns
Presolve time: 0.00s

Solved in 0 iterations and 0.00 seconds
Infeasible model
Iteration    Objective       Primal Inf.    Dual Inf.      Time
       0    0.0000000e+00   1.499130e+02   0.000000e+00      0s

IIS computed: 5 constraints and 5 bounds
IIS runtime: 0.00 seconds

Gurobi 8.1.1 (win64) logging started 05/24/20 21:30:52

Academic license - for non-commercial use only
Optimize a model with 190 rows, 560 columns and 710 nonzeros
Coefficient statistics:
  Matrix range     [1e-02, 1e+04]
  Objective range  [1e+00, 1e+00]
  Bounds range     [5e+01, 7e+01]
  RHS range        [8e-03, 1e+04]
Presolve removed 58 rows and 463 columns
Presolve time: 0.00s

Solved in 0 iterations and 0.00 seconds
Infeasible model
Iteration    Objective       Primal Inf.    Dual Inf.      Time
       0    0.0000000e+00   1.409771e+02   0.000000e+00      0s

IIS computed: 5 constraints and 5 bounds
IIS runtime: 0.00 seconds

Gurobi 8.1.1 (win64) logging started 05/24/20 21:30:52

Academic license - for non-commercial use only
Optimize a model with 159 rows, 560 columns and 557 nonzeros
Coefficient statistics:
  Matrix range     [1e-02, 1e+04]
  Objective range  [1e+00, 1e+00]
  Bounds range     [5e+01, 7e+01]
  RHS range        [8e-03, 1e+04]
Presolve removed 51 rows and 483 columns
Presolve time: 0.00s

Solved in 0 iterations and 0.00 seconds
Infeasible model
Iteration    Objective       Primal Inf.    Dual Inf.      Time
       0    0.0000000e+00   5.159586e+01   0.000000e+00      0s

IIS computed: 3 constraints and 3 bounds
IIS runtime: 0.00 seconds

Gurobi 8.1.1 (win64) logging started 05/24/20 21:30:52

Academic license - for non-commercial use only
Optimize a model with 137 rows, 560 columns and 452 nonzeros
Coefficient statistics:
  Matrix range     [1e-02, 1e+04]
  Objective range  [1e+00, 1e+00]
  Bounds range     [5e+01, 7e+01]
  RHS range        [8e-03, 1e+04]
Presolve removed 49 rows and 496 columns
Presolve time: 0.00s

Solved in 0 iterations and 0.00 seconds
Infeasible model
Iteration    Objective       Primal Inf.    Dual Inf.      Time
       0    0.0000000e+00   3.400604e+01   0.000000e+00      0s

IIS computed: 3 constraints and 3 bounds
IIS runtime: 0.00 seconds

Gurobi 8.1.1 (win64) logging started 08/08/22 21:31:34


Gurobi 8.1.1 (win64) logging started 08/08/22 21:31:34


Gurobi 8.1.1 (win64) logging started 08/08/22 21:31:34


Gurobi 8.1.1 (win64) logging started 08/08/22 21:31:34


Gurobi 8.1.1 (win64) logging started 08/08/22 21:31:34


Gurobi 8.1.1 (win64) logging started 08/08/22 21:31:34


Gurobi 8.1.1 (win64) logging started 08/08/22 21:31:34


Gurobi 8.1.1 (win64) logging started 08/08/22 21:31:34


Gurobi 8.1.1 (win64) logging started 08/08/22 21:31:34


Gurobi 8.1.1 (win64) logging started 08/08/22 21:31:34


Gurobi 8.1.1 (win64) logging started 08/08/22 21:31:34


Gurobi 8.1.1 (win64) logging started 08/08/22 21:31:34


Gurobi 8.1.1 (win64) logging started 08/08/22 21:31:34


Gurobi 8.1.1 (win64) logging started 08/08/22 21:31:34


Gurobi 8.1.1 (win64) logging started 08/08/22 21:31:34


Gurobi 8.1.1 (win64) logging started 08/08/22 21:31:34


Gurobi 8.1.1 (win64) logging started 08/08/22 21:31:35


Gurobi 8.1.1 (win64) logging started 10/10/22 16:33:12


Gurobi 8.1.1 (win64) logging started 10/10/22 16:33:12


Gurobi 8.1.1 (win64) logging started 10/10/22 16:33:12


Gurobi 8.1.1 (win64) logging started 10/10/22 16:33:12


Gurobi 8.1.1 (win64) logging started 10/10/22 16:33:12


Gurobi 8.1.1 (win64) logging started 10/10/22 16:33:12


Gurobi 8.1.1 (win64) logging started 10/10/22 16:33:12


Gurobi 8.1.1 (win64) logging started 10/10/22 16:33:12


Gurobi 8.1.1 (win64) logging started 10/10/22 16:33:12


Gurobi 8.1.1 (win64) logging started 10/10/22 16:33:12


Gurobi 8.1.1 (win64) logging started 10/10/22 16:33:13


Gurobi 8.1.1 (win64) logging started 10/10/22 16:33:13


Gurobi 8.1.1 (win64) logging started 10/10/22 16:33:13


Gurobi 8.1.1 (win64) logging started 10/10/22 16:33:13


Gurobi 8.1.1 (win64) logging started 10/10/22 16:33:13


Gurobi 8.1.1 (win64) logging started 10/10/22 16:33:13


Gurobi 8.1.1 (win64) logging started 10/10/22 16:33:13


Gurobi 8.1.1 (win64) logging started 10/10/22 16:33:29


Gurobi 8.1.1 (win64) logging started 10/10/22 16:33:29


Gurobi 8.1.1 (win64) logging started 10/10/22 16:33:29


Gurobi 8.1.1 (win64) logging started 10/10/22 16:33:29


Gurobi 8.1.1 (win64) logging started 10/10/22 16:33:29


Gurobi 8.1.1 (win64) logging started 10/10/22 16:33:29


Gurobi 8.1.1 (win64) logging started 10/10/22 16:33:29


Gurobi 8.1.1 (win64) logging started 10/10/22 16:33:29


Gurobi 8.1.1 (win64) logging started 10/10/22 16:33:30


Gurobi 8.1.1 (win64) logging started 10/10/22 16:33:30


Gurobi 8.1.1 (win64) logging started 10/10/22 16:33:30


Gurobi 8.1.1 (win64) logging started 10/10/22 16:33:30


Gurobi 8.1.1 (win64) logging started 10/10/22 16:33:30


Gurobi 8.1.1 (win64) logging started 10/10/22 16:33:30


Gurobi 8.1.1 (win64) logging started 10/10/22 16:33:30


Gurobi 8.1.1 (win64) logging started 10/10/22 16:33:30


Gurobi 8.1.1 (win64) logging started 10/10/22 16:33:30


Gurobi 8.1.1 (win64) logging started 10/10/22 18:44:34


Gurobi 8.1.1 (win64) logging started 10/10/22 18:44:34


Gurobi 8.1.1 (win64) logging started 10/10/22 18:44:35


Gurobi 8.1.1 (win64) logging started 10/10/22 18:44:35


Gurobi 8.1.1 (win64) logging started 10/10/22 18:44:35


Gurobi 8.1.1 (win64) logging started 10/10/22 18:44:35


Gurobi 8.1.1 (win64) logging started 10/10/22 18:44:35


Gurobi 8.1.1 (win64) logging started 10/10/22 18:44:35


Gurobi 8.1.1 (win64) logging started 10/10/22 18:44:35


Gurobi 8.1.1 (win64) logging started 10/10/22 18:44:35


Gurobi 8.1.1 (win64) logging started 10/10/22 18:44:35


Gurobi 8.1.1 (win64) logging started 10/10/22 18:44:35


Gurobi 8.1.1 (win64) logging started 10/10/22 18:44:35


Gurobi 8.1.1 (win64) logging started 10/10/22 18:44:36


Gurobi 8.1.1 (win64) logging started 10/10/22 18:44:36


Gurobi 8.1.1 (win64) logging started 10/10/22 18:44:36


Gurobi 8.1.1 (win64) logging started 10/10/22 18:44:36


Gurobi 8.1.1 (win64) logging started 10/23/22 20:14:25


Gurobi 8.1.1 (win64) logging started 10/23/22 20:14:25


Gurobi 8.1.1 (win64) logging started 10/23/22 20:14:25


Gurobi 8.1.1 (win64) logging started 10/23/22 20:14:25


Gurobi 8.1.1 (win64) logging started 10/23/22 20:14:25


Gurobi 8.1.1 (win64) logging started 10/23/22 20:14:25


Gurobi 8.1.1 (win64) logging started 10/23/22 20:14:25


Gurobi 8.1.1 (win64) logging started 10/23/22 20:14:25


Gurobi 8.1.1 (win64) logging started 10/23/22 20:14:25


Gurobi 8.1.1 (win64) logging started 10/23/22 20:14:25


Gurobi 8.1.1 (win64) logging started 10/23/22 20:14:25


Gurobi 8.1.1 (win64) logging started 10/23/22 20:14:25


Gurobi 8.1.1 (win64) logging started 10/23/22 20:14:25


Gurobi 8.1.1 (win64) logging started 10/23/22 20:14:25


Gurobi 8.1.1 (win64) logging started 10/23/22 20:14:26


Gurobi 8.1.1 (win64) logging started 10/23/22 20:14:26


Gurobi 8.1.1 (win64) logging started 10/23/22 20:14:26


Gurobi 8.1.1 (win64) logging started 10/23/22 20:15:38


Gurobi 8.1.1 (win64) logging started 10/23/22 20:15:38


Gurobi 8.1.1 (win64) logging started 10/23/22 20:15:38


Gurobi 8.1.1 (win64) logging started 10/23/22 20:15:38


Gurobi 8.1.1 (win64) logging started 10/23/22 20:15:38


Gurobi 8.1.1 (win64) logging started 10/23/22 20:15:38


Gurobi 8.1.1 (win64) logging started 10/23/22 20:15:38


Gurobi 8.1.1 (win64) logging started 10/23/22 20:15:38


Gurobi 8.1.1 (win64) logging started 10/23/22 20:15:38


Gurobi 8.1.1 (win64) logging started 10/23/22 20:15:38


Gurobi 8.1.1 (win64) logging started 10/23/22 20:15:38


Gurobi 8.1.1 (win64) logging started 10/23/22 20:15:38


Gurobi 8.1.1 (win64) logging started 10/23/22 20:15:39


Gurobi 8.1.1 (win64) logging started 10/23/22 20:15:39


Gurobi 8.1.1 (win64) logging started 10/23/22 20:15:39


Gurobi 8.1.1 (win64) logging started 10/23/22 20:15:39


Gurobi 8.1.1 (win64) logging started 10/23/22 20:15:39


Gurobi 8.1.1 (win64) logging started 10/23/22 20:16:00


Gurobi 8.1.1 (win64) logging started 10/23/22 20:16:00


Gurobi 8.1.1 (win64) logging started 10/23/22 20:16:00


Gurobi 8.1.1 (win64) logging started 10/23/22 20:16:00


Gurobi 8.1.1 (win64) logging started 10/23/22 20:16:01


Gurobi 8.1.1 (win64) logging started 10/23/22 20:16:01


Gurobi 8.1.1 (win64) logging started 10/23/22 20:16:01


Gurobi 8.1.1 (win64) logging started 10/23/22 20:16:01


Gurobi 8.1.1 (win64) logging started 10/23/22 20:16:01


Gurobi 8.1.1 (win64) logging started 10/23/22 20:16:01


Gurobi 8.1.1 (win64) logging started 10/23/22 20:16:01


Gurobi 8.1.1 (win64) logging started 10/23/22 20:16:01


Gurobi 8.1.1 (win64) logging started 10/23/22 20:16:01


Gurobi 8.1.1 (win64) logging started 10/23/22 20:16:01


Gurobi 8.1.1 (win64) logging started 10/23/22 20:16:01


Gurobi 8.1.1 (win64) logging started 10/23/22 20:16:01


Gurobi 8.1.1 (win64) logging started 10/23/22 20:16:02


Gurobi 8.1.1 (win64) logging started 10/26/22 19:13:54


Gurobi 8.1.1 (win64) logging started 10/26/22 19:13:54


Gurobi 8.1.1 (win64) logging started 10/26/22 19:13:54


Gurobi 8.1.1 (win64) logging started 10/26/22 19:13:54


Gurobi 8.1.1 (win64) logging started 10/26/22 19:13:54


Gurobi 8.1.1 (win64) logging started 10/26/22 19:13:54


Gurobi 8.1.1 (win64) logging started 10/26/22 19:13:54


Gurobi 8.1.1 (win64) logging started 10/26/22 19:13:54


Gurobi 8.1.1 (win64) logging started 10/26/22 19:13:54


Gurobi 8.1.1 (win64) logging started 10/26/22 19:13:54


Gurobi 8.1.1 (win64) logging started 10/26/22 19:13:54


Gurobi 8.1.1 (win64) logging started 10/26/22 19:13:54


Gurobi 8.1.1 (win64) logging started 10/26/22 19:13:55


Gurobi 8.1.1 (win64) logging started 10/26/22 19:13:55


Gurobi 8.1.1 (win64) logging started 10/26/22 19:13:55


Gurobi 8.1.1 (win64) logging started 10/26/22 19:13:55


Gurobi 8.1.1 (win64) logging started 10/26/22 19:13:55


Gurobi 8.1.1 (win64) logging started 10/26/22 19:15:50


Gurobi 8.1.1 (win64) logging started 10/26/22 19:15:50


Gurobi 8.1.1 (win64) logging started 10/26/22 19:15:50


Gurobi 8.1.1 (win64) logging started 10/26/22 19:15:50


Gurobi 8.1.1 (win64) logging started 10/26/22 19:15:50


Gurobi 8.1.1 (win64) logging started 10/26/22 19:15:50


Gurobi 8.1.1 (win64) logging started 10/26/22 19:15:50


Gurobi 8.1.1 (win64) logging started 10/26/22 19:15:50


Gurobi 8.1.1 (win64) logging started 10/26/22 19:15:50


Gurobi 8.1.1 (win64) logging started 10/26/22 19:15:50


Gurobi 8.1.1 (win64) logging started 10/26/22 19:15:50


Gurobi 8.1.1 (win64) logging started 10/26/22 19:15:50


Gurobi 8.1.1 (win64) logging started 10/26/22 19:15:50


Gurobi 8.1.1 (win64) logging started 10/26/22 19:15:50


Gurobi 8.1.1 (win64) logging started 10/26/22 19:15:50


Gurobi 8.1.1 (win64) logging started 10/26/22 19:15:51


Gurobi 8.1.1 (win64) logging started 10/26/22 19:15:51

